c:\users\martin.andersson\documents\place\monky\debug\monkygl.pdb
c:\users\martin.andersson\documents\place\monky\debug\monkygl.idb
c:\users\martin.andersson\documents\place\monky\monkygl\debug\imgui.nativecodeanalysis.sarif
c:\users\martin.andersson\documents\place\monky\monkygl\debug\imgui.nativecodeanalysis.xml
c:\users\martin.andersson\documents\place\monky\monkygl\debug\imgui_demo.nativecodeanalysis.sarif
c:\users\martin.andersson\documents\place\monky\monkygl\debug\imgui_demo.nativecodeanalysis.xml
c:\users\martin.andersson\documents\place\monky\monkygl\debug\imgui_draw.nativecodeanalysis.sarif
c:\users\martin.andersson\documents\place\monky\monkygl\debug\imgui_draw.nativecodeanalysis.xml
c:\users\martin.andersson\documents\place\monky\monkygl\debug\imgui_impl_glfw.nativecodeanalysis.sarif
c:\users\martin.andersson\documents\place\monky\monkygl\debug\imgui_impl_glfw.nativecodeanalysis.xml
c:\users\martin.andersson\documents\place\monky\monkygl\debug\imgui_impl_opengl3.nativecodeanalysis.sarif
c:\users\martin.andersson\documents\place\monky\monkygl\debug\imgui_impl_opengl3.nativecodeanalysis.xml
c:\users\martin.andersson\documents\place\monky\monkygl\debug\imgui_tables.nativecodeanalysis.sarif
c:\users\martin.andersson\documents\place\monky\monkygl\debug\imgui_tables.nativecodeanalysis.xml
c:\users\martin.andersson\documents\place\monky\monkygl\debug\imgui_widgets.nativecodeanalysis.sarif
c:\users\martin.andersson\documents\place\monky\monkygl\debug\imgui_widgets.nativecodeanalysis.xml
c:\users\martin.andersson\documents\place\monky\monkygl\debug\camera.nativecodeanalysis.sarif
c:\users\martin.andersson\documents\place\monky\monkygl\debug\camera.nativecodeanalysis.xml
c:\users\martin.andersson\documents\place\monky\monkygl\debug\cube.nativecodeanalysis.sarif
c:\users\martin.andersson\documents\place\monky\monkygl\debug\cube.nativecodeanalysis.xml
c:\users\martin.andersson\documents\place\monky\monkygl\debug\monkeymath.nativecodeanalysis.sarif
c:\users\martin.andersson\documents\place\monky\monkygl\debug\monkeymath.nativecodeanalysis.xml
c:\users\martin.andersson\documents\place\monky\monkygl\debug\mesh.nativecodeanalysis.sarif
c:\users\martin.andersson\documents\place\monky\monkygl\debug\mesh.nativecodeanalysis.xml
c:\users\martin.andersson\documents\place\monky\monkygl\debug\monkygraphics.nativecodeanalysis.sarif
c:\users\martin.andersson\documents\place\monky\monkygl\debug\monkygraphics.nativecodeanalysis.xml
c:\users\martin.andersson\documents\place\monky\monkygl\debug\objloader.nativecodeanalysis.sarif
c:\users\martin.andersson\documents\place\monky\monkygl\debug\objloader.nativecodeanalysis.xml
c:\users\martin.andersson\documents\place\monky\monkygl\debug\openglframebuffer.nativecodeanalysis.sarif
c:\users\martin.andersson\documents\place\monky\monkygl\debug\openglframebuffer.nativecodeanalysis.xml
c:\users\martin.andersson\documents\place\monky\monkygl\debug\shader.nativecodeanalysis.sarif
c:\users\martin.andersson\documents\place\monky\monkygl\debug\shader.nativecodeanalysis.xml
c:\users\martin.andersson\documents\place\monky\monkygl\debug\square.nativecodeanalysis.sarif
c:\users\martin.andersson\documents\place\monky\monkygl\debug\square.nativecodeanalysis.xml
c:\users\martin.andersson\documents\place\monky\monkygl\debug\stb_image.nativecodeanalysis.sarif
c:\users\martin.andersson\documents\place\monky\monkygl\debug\stb_image.nativecodeanalysis.xml
c:\users\martin.andersson\documents\place\monky\monkygl\debug\texture.nativecodeanalysis.sarif
c:\users\martin.andersson\documents\place\monky\monkygl\debug\texture.nativecodeanalysis.xml
c:\users\martin.andersson\documents\place\monky\monkygl\debug\triangle.nativecodeanalysis.sarif
c:\users\martin.andersson\documents\place\monky\monkygl\debug\triangle.nativecodeanalysis.xml
c:\users\martin.andersson\documents\place\monky\monkygl\debug\virtualobject.nativecodeanalysis.sarif
c:\users\martin.andersson\documents\place\monky\monkygl\debug\virtualobject.nativecodeanalysis.xml
c:\users\martin.andersson\documents\place\monky\monkygl\debug\virtualobject.obj
c:\users\martin.andersson\documents\place\monky\monkygl\debug\triangle.obj
c:\users\martin.andersson\documents\place\monky\monkygl\debug\texture.obj
c:\users\martin.andersson\documents\place\monky\monkygl\debug\stb_image.obj
c:\users\martin.andersson\documents\place\monky\monkygl\debug\square.obj
c:\users\martin.andersson\documents\place\monky\monkygl\debug\shader.obj
c:\users\martin.andersson\documents\place\monky\monkygl\debug\openglframebuffer.obj
c:\users\martin.andersson\documents\place\monky\monkygl\debug\objloader.obj
c:\users\martin.andersson\documents\place\monky\monkygl\debug\monkygraphics.obj
c:\users\martin.andersson\documents\place\monky\monkygl\debug\mesh.obj
c:\users\martin.andersson\documents\place\monky\monkygl\debug\monkeymath.obj
c:\users\martin.andersson\documents\place\monky\monkygl\debug\cube.obj
c:\users\martin.andersson\documents\place\monky\monkygl\debug\camera.obj
c:\users\martin.andersson\documents\place\monky\monkygl\debug\imgui_widgets.obj
c:\users\martin.andersson\documents\place\monky\monkygl\debug\imgui_tables.obj
c:\users\martin.andersson\documents\place\monky\monkygl\debug\imgui_impl_opengl3.obj
c:\users\martin.andersson\documents\place\monky\monkygl\debug\imgui_impl_glfw.obj
c:\users\martin.andersson\documents\place\monky\monkygl\debug\imgui_draw.obj
c:\users\martin.andersson\documents\place\monky\monkygl\debug\imgui_demo.obj
c:\users\martin.andersson\documents\place\monky\monkygl\debug\imgui.obj
c:\users\martin.andersson\documents\place\monky\monkygl\debug\window.nativecodeanalysis.sarif
c:\users\martin.andersson\documents\place\monky\monkygl\debug\window.nativecodeanalysis.xml
c:\users\martin.andersson\documents\place\monky\monkygl\debug\window.obj
c:\users\martin.andersson\documents\place\monky\monkygl\debug\glad.nativecodeanalysis.sarif
c:\users\martin.andersson\documents\place\monky\monkygl\debug\glad.nativecodeanalysis.xml
c:\users\martin.andersson\documents\place\monky\monkygl\debug\glad.obj
c:\users\martin.andersson\documents\place\monky\debug\monkygl.lib
c:\users\martin.andersson\documents\place\monky\monkygl\debug\vc.nativecodeanalysis.all.xml
c:\users\martin.andersson\documents\place\monky\monkygl\debug\monkygl.tlog\cl.command.1.tlog
c:\users\martin.andersson\documents\place\monky\monkygl\debug\monkygl.tlog\cl.items.tlog
c:\users\martin.andersson\documents\place\monky\monkygl\debug\monkygl.tlog\cl.read.1.tlog
c:\users\martin.andersson\documents\place\monky\monkygl\debug\monkygl.tlog\cl.write.1.tlog
c:\users\martin.andersson\documents\place\monky\monkygl\debug\monkygl.tlog\lib-link.read.1.tlog
c:\users\martin.andersson\documents\place\monky\monkygl\debug\monkygl.tlog\lib-link.write.1.tlog
c:\users\martin.andersson\documents\place\monky\monkygl\debug\monkygl.tlog\lib.command.1.tlog
