c:\users\martin.andersson\documents\github\monkyengine\game\debug\vc143.pdb
c:\users\martin.andersson\documents\github\monkyengine\game\debug\vc143.idb
c:\users\martin.andersson\documents\github\monkyengine\game\debug\game.obj
c:\work_new\enginecourse\monky\game\debug\vc143.pdb
c:\work_new\enginecourse\monky\game\debug\vc143.idb
c:\work_new\enginecourse\monky\game\debug\game.obj
c:\users\martin.andersson\documents\place\monky\game\debug\vc143.idb
c:\users\martin.andersson\documents\place\monky\game\debug\vc143.pdb
c:\users\martin.andersson\documents\place\monky\debug\game.pdb
c:\users\martin.andersson\documents\place\monky\game\debug\game.tlog\cl.command.1.tlog
c:\users\martin.andersson\documents\place\monky\game\debug\game.tlog\cl.items.tlog
c:\users\martin.andersson\documents\place\monky\game\debug\game.tlog\cl.read.1.tlog
c:\users\martin.andersson\documents\place\monky\game\debug\game.tlog\cl.write.1.tlog
c:\users\martin.andersson\documents\place\monky\game\debug\game.tlog\link.27344-cvtres.read.1.tlog
c:\users\martin.andersson\documents\place\monky\game\debug\game.tlog\link.27344-cvtres.write.1.tlog
c:\users\martin.andersson\documents\place\monky\game\debug\game.tlog\link.27344-rc.read.1.tlog
c:\users\martin.andersson\documents\place\monky\game\debug\game.tlog\link.27344-rc.write.1.tlog
c:\users\martin.andersson\documents\place\monky\game\debug\game.tlog\link.27344.read.1.tlog
c:\users\martin.andersson\documents\place\monky\game\debug\game.tlog\link.27344.write.1.tlog
c:\users\martin.andersson\documents\place\monky\game\debug\game.tlog\link.command.1.tlog
c:\users\martin.andersson\documents\place\monky\game\debug\game.tlog\link.read.1.tlog
c:\users\martin.andersson\documents\place\monky\game\debug\game.tlog\link.write.1.tlog
