c:\work_new\enginecourse\monky\monky\debug\vc143.pdb
c:\work_new\enginecourse\monky\monky\debug\vc143.idb
c:\work_new\enginecourse\monky\monky\debug\glad.obj
c:\work_new\enginecourse\monky\monky\debug\etime.obj
c:\work_new\enginecourse\monky\monky\debug\monkyengine.obj
c:\work_new\enginecourse\monky\monky\debug\input.obj
c:\work_new\enginecourse\monky\monky\debug\flyingcamera.obj
c:\work_new\enginecourse\monky\monky\debug\main.obj
c:\work_new\enginecourse\monky\debug\monky.pdb
c:\work_new\enginecourse\monky\monky\debug\monky.tlog\cl.command.1.tlog
c:\work_new\enginecourse\monky\monky\debug\monky.tlog\cl.items.tlog
c:\work_new\enginecourse\monky\monky\debug\monky.tlog\cl.read.1.tlog
c:\work_new\enginecourse\monky\monky\debug\monky.tlog\cl.write.1.tlog
c:\work_new\enginecourse\monky\monky\debug\monky.tlog\link.46252-cvtres.read.1.tlog
c:\work_new\enginecourse\monky\monky\debug\monky.tlog\link.46252-cvtres.write.1.tlog
c:\work_new\enginecourse\monky\monky\debug\monky.tlog\link.46252-rc.read.1.tlog
c:\work_new\enginecourse\monky\monky\debug\monky.tlog\link.46252-rc.write.1.tlog
c:\work_new\enginecourse\monky\monky\debug\monky.tlog\link.46252.read.1.tlog
c:\work_new\enginecourse\monky\monky\debug\monky.tlog\link.46252.write.1.tlog
c:\work_new\enginecourse\monky\monky\debug\monky.tlog\link.command.1.tlog
c:\work_new\enginecourse\monky\monky\debug\monky.tlog\link.read.1.tlog
c:\work_new\enginecourse\monky\monky\debug\monky.tlog\link.write.1.tlog
