  glad.c
  FlyingCamera.cpp
C:\Users\Martin.Andersson\Documents\Place\Monky\Dependencies\GLFW\include\glfw3.h(1403,37): warning C4099: 'GLFWwindow': type name first seen using 'class' now seen using 'struct'
C:\Users\Martin.Andersson\Documents\Place\Monky\Monky\Input.h(4,7): message : see declaration of 'GLFWwindow'
C:\Users\Martin.Andersson\Documents\Place\Monky\Monky\FlyingCamera.cpp(36,16): warning C4244: 'initializing': conversion from 'double' to 'float', possible loss of data
C:\Users\Martin.Andersson\Documents\Place\Monky\Monky\FlyingCamera.cpp(37,16): warning C4244: 'initializing': conversion from 'double' to 'float', possible loss of data
  Input.cpp
C:\Users\Martin.Andersson\Documents\Place\Monky\Dependencies\GLFW\include\glfw3.h(1403,37): warning C4099: 'GLFWwindow': type name first seen using 'class' now seen using 'struct'
C:\Users\Martin.Andersson\Documents\Place\Monky\Monky\Input.h(4,7): message : see declaration of 'GLFWwindow'
C:\Users\Martin.Andersson\Documents\Place\Monky\Monky\Input.cpp(22,10): warning C4244: '=': conversion from 'double' to 'float', possible loss of data
C:\Users\Martin.Andersson\Documents\Place\Monky\Monky\Input.cpp(23,10): warning C4244: '=': conversion from 'double' to 'float', possible loss of data
C:\Users\Martin.Andersson\Documents\Place\Monky\Monky\Input.cpp(61,16): warning C4244: '=': conversion from 'int' to 'float', possible loss of data
C:\Users\Martin.Andersson\Documents\Place\Monky\Monky\Input.cpp(62,17): warning C4244: '=': conversion from 'int' to 'float', possible loss of data
C:\Users\Martin.Andersson\Documents\Place\Monky\Monky\Input.cpp(55,14): warning C4101: 'return_struct': unreferenced local variable
  main.cpp
C:\Users\Martin.Andersson\Documents\Place\Monky\Dependencies\GLFW\include\glfw3.h(1403,37): warning C4099: 'GLFWwindow': type name first seen using 'class' now seen using 'struct'
C:\Users\Martin.Andersson\Documents\Place\Monky\MonkyGL\MonkyGraphics.h(3,7): message : see declaration of 'GLFWwindow'
C:\Users\Martin.Andersson\Documents\Place\Monky\Monky\main.cpp(19,28): warning C4244: '=': conversion from 'double' to 'float', possible loss of data
  MonkyEngine.cpp
C:\Users\Martin.Andersson\Documents\Place\Monky\Dependencies\GLFW\include\glfw3.h(1403,37): warning C4099: 'GLFWwindow': type name first seen using 'class' now seen using 'struct'
C:\Users\Martin.Andersson\Documents\Place\Monky\Monky\MonkyEngine.h(2,7): message : see declaration of 'GLFWwindow'
  ETime.cpp
  Generating Code...
  LINK : C:\Users\Martin.Andersson\Documents\Place\Monky\Debug\Monky.exe not found or not built by the last incremental link; performing full link
LINK : warning LNK4098: defaultlib 'MSVCRT' conflicts with use of other libs; use /NODEFAULTLIB:library
  Monky.vcxproj -> C:\Users\Martin.Andersson\Documents\Place\Monky\Debug\Monky.exe
