c:\users\martin.andersson\documents\place\monky\debug\monkyphysics.pdb
c:\users\martin.andersson\documents\place\monky\debug\monkyphysics.idb
c:\users\martin.andersson\documents\place\monky\monkyphysics\debug\collisions.nativecodeanalysis.sarif
c:\users\martin.andersson\documents\place\monky\monkyphysics\debug\collisions.nativecodeanalysis.xml
c:\users\martin.andersson\documents\place\monky\monkyphysics\debug\intersections.nativecodeanalysis.sarif
c:\users\martin.andersson\documents\place\monky\monkyphysics\debug\intersections.nativecodeanalysis.xml
c:\users\martin.andersson\documents\place\monky\monkyphysics\debug\monkyphysics.nativecodeanalysis.sarif
c:\users\martin.andersson\documents\place\monky\monkyphysics\debug\monkyphysics.nativecodeanalysis.xml
c:\users\martin.andersson\documents\place\monky\monkyphysics\debug\monkyphysics.obj
c:\users\martin.andersson\documents\place\monky\monkyphysics\debug\intersections.obj
c:\users\martin.andersson\documents\place\monky\monkyphysics\debug\collisions.obj
c:\users\martin.andersson\documents\place\monky\debug\monkyphysics.lib
c:\users\martin.andersson\documents\place\monky\monkyphysics\debug\vc.nativecodeanalysis.all.xml
c:\users\martin.andersson\documents\place\monky\monkyphysics\debug\monkyphysics.tlog\cl.command.1.tlog
c:\users\martin.andersson\documents\place\monky\monkyphysics\debug\monkyphysics.tlog\cl.items.tlog
c:\users\martin.andersson\documents\place\monky\monkyphysics\debug\monkyphysics.tlog\cl.read.1.tlog
c:\users\martin.andersson\documents\place\monky\monkyphysics\debug\monkyphysics.tlog\cl.write.1.tlog
c:\users\martin.andersson\documents\place\monky\monkyphysics\debug\monkyphysics.tlog\lib-link.read.1.tlog
c:\users\martin.andersson\documents\place\monky\monkyphysics\debug\monkyphysics.tlog\lib-link.write.1.tlog
c:\users\martin.andersson\documents\place\monky\monkyphysics\debug\monkyphysics.tlog\lib.command.1.tlog
